2025-12-18 21:01:54 – Anonymous – User – Login
2025-12-18 21:13:46 – Anonymous – User – Login
2025-12-18 21:13:46 – Anonymous – Todo – Index
2025-12-18 21:14:32 – Anonymous – Todo – Index
2025-12-18 21:14:34 – Anonymous – Todo – Creat
2025-12-18 21:14:47 – Anonymous – Todo – Creat
2025-12-18 21:18:46 – Anonymous – Todo – Creat
2025-12-18 21:21:05 – Anonymous – Todo – Creat
2025-12-18 21:22:18 – Anonymous – Todo – Creat
2025-12-18 21:24:30 – Anonymous – Todo – Creat
2025-12-18 21:25:22 – Anonymous – Todo – Creat
2025-12-18 21:26:04 – Anonymous – Todo – Creat
2025-12-18 21:47:17 – Anonymous – Todo – Creat
2025-12-18 21:47:17 – Anonymous – Todo – Index
2025-12-18 21:47:20 – Anonymous – Todo – Creat
2025-12-18 21:47:32 – Anonymous – Todo – Creat
2025-12-18 21:47:32 – Anonymous – Todo – Index
2025-12-18 21:47:35 – Anonymous – Todo – Index
2025-12-18 21:55:55 – Anonymous – Todo – Index
2025-12-18 21:56:02 – Anonymous – Todo – Index
2025-12-18 21:57:27 – Anonymous – Todo – Index
2025-12-18 21:57:30 – Anonymous – Todo – Index
2025-12-18 21:59:14 – Anonymous – Todo – Index
2025-12-18 22:01:16 – Anonymous – Todo – Index
2025-12-18 22:01:16 – Anonymous – Todo – Index
2025-12-21 20:41:00 – Anonymous – User – Login
2025-12-21 20:43:11 – Anonymous – User – Login
2025-12-21 20:43:11 – Anonymous – User – Login
2025-12-21 20:44:29 – Anonymous – User – Login
2025-12-21 20:47:54 – Anonymous – User – Login
2025-12-21 20:47:56 – Anonymous – User – Login
2025-12-21 20:52:07 – Anonymous – User – Login
2025-12-21 20:54:22 – Anonymous – User – Login
2025-12-21 20:54:32 – Anonymous – User – Login
2025-12-21 20:54:37 – Anonymous – User – Login
2025-12-21 21:02:45 – Anonymous – User – Login
2025-12-21 21:03:11 – Anonymous – User – Login
2025-12-21 21:03:11 – Anonymous – Todo – Index
2025-12-21 21:23:37 – Anonymous – Todo – Index
2025-12-21 21:23:52 – Anonymous – Todo – Index
2025-12-21 21:26:19 – Anonymous – Todo – Index
2025-12-21 21:26:20 – Anonymous – Todo – Creat
2025-12-21 21:26:25 – Anonymous – Todo – Index
2025-12-21 21:26:26 – Anonymous – Todo – Creat
2025-12-21 21:26:28 – Anonymous – Todo – Index
2025-12-21 21:38:10 – Anonymous – Todo – Index
2025-12-21 21:38:14 – Anonymous – Todo – Show
2025-12-21 21:38:16 – Anonymous – Todo – Index
2025-12-21 21:38:19 – Anonymous – Todo – Edit
2025-12-21 21:38:20 – Anonymous – Todo – Index
2025-12-21 21:42:30 – Anonymous – Todo – Index
2025-12-21 21:45:07 – Anonymous – Todo – Creat
2025-12-21 21:45:16 – Anonymous – Todo – Creat
2025-12-21 21:45:16 – Anonymous – Todo – Index
